<?xml version="1.0" encoding="UTF-8"?>
<testng-results ignored="0" total="1" passed="1" failed="0" skipped="0">
  <reporter-output>
  </reporter-output>
  <suite started-at="2022-12-10T08:18:50 IST" name="Default suite" finished-at="2022-12-10T08:18:51 IST" duration-ms="450">
    <groups>
    </groups>
    <test started-at="2022-12-10T08:18:50 IST" name="Default test" finished-at="2022-12-10T08:18:51 IST" duration-ms="450">
      <class name="RestAssuredPrograms.SerialisationRestAssured">
        <test-method signature="addProjectPOJO()[pri:0, instance:RestAssuredPrograms.SerialisationRestAssured@2794eab6]" started-at="2022-12-10T08:18:50 IST" name="addProjectPOJO" finished-at="2022-12-10T08:18:51 IST" duration-ms="375" status="PASS">
          <reporter-output>
          </reporter-output>
        </test-method> <!-- addProjectPOJO -->
      </class> <!-- RestAssuredPrograms.SerialisationRestAssured -->
    </test> <!-- Default test -->
  </suite> <!-- Default suite -->
</testng-results>
